<?xml version="1.0" encoding="UTF-8"?>
<!-- Generated by org.testng.reporters.JUnitReportReporter -->
<testsuite skipped="0" hostname="LAPTOP-0PKC9KUD" name="testcases.ExecuteTest" tests="1" failures="0" timestamp="2020-05-13T14:01:48 EDT" time="10.182" errors="0">
  <testcase name="testLogin" time="10.182" classname="testcases.ExecuteTest"/>
  <system-out/>
</testsuite> <!-- testcases.ExecuteTest -->
